Adding two vectors of 256 integer elements.
vector-add (seq):    		0us
vector-add (H2D):    		30us
vector-add (kernel): 		24us
vector-add (D2H):    		17us
results OK!

Adding two vectors of 1024 integer elements.
vector-add (seq):    		3us
vector-add (H2D):    		33us
vector-add (kernel): 		23us
vector-add (D2H):    		17us
results OK!

Adding two vectors of 65536 integer elements.
vector-add (seq):    		487us
vector-add (H2D):    		206us
vector-add (kernel): 		38us
vector-add (D2H):    		329us
results OK!

Adding two vectors of 655360 integer elements.
vector-add (seq):    		2827us
vector-add (H2D):    		1444us
vector-add (kernel): 		71us
vector-add (D2H):    		3041us
results OK!

Adding two vectors of 1000000 integer elements.
vector-add (seq):    		3028us
vector-add (H2D):    		2183us
vector-add (kernel): 		110us
vector-add (D2H):    		3041us
results OK!

