Adding two vectors of 655360 integer elements with threadBlocksize 64.
vector-add (seq):    		2020us
vector-add (H2D):    		1878us
vector-add (kernel): 		68us
vector-add (D2H):    		5549us
results OK!

Adding two vectors of 655360 integer elements with threadBlocksize 128.
vector-add (seq):    		2721us
vector-add (H2D):    		1440us
vector-add (kernel): 		68us
vector-add (D2H):    		3040us
results OK!

Adding two vectors of 655360 integer elements with threadBlocksize 256.
vector-add (seq):    		3063us
vector-add (H2D):    		1848us
vector-add (kernel): 		71us
vector-add (D2H):    		2229us
results OK!

Adding two vectors of 655360 integer elements with threadBlocksize 512.
vector-add (seq):    		2845us
vector-add (H2D):    		1863us
vector-add (kernel): 		69us
vector-add (D2H):    		5288us
results OK!

Adding two vectors of 655360 integer elements with threadBlocksize 1024.
vector-add (seq):    		3344us
vector-add (H2D):    		1446us
vector-add (kernel): 		75us
vector-add (D2H):    		1484us
results OK!

